{"level":20,"time":"2022-12-27T14:49:52.200Z","name":"nodejs-api-starter","msg":"setup LOCAL POSTGRES connection"}
{"level":20,"time":"2022-12-27T14:49:52.359Z","name":"nodejs-api-starter","msg":"development"}
{"level":20,"time":"2022-12-27T14:49:52.360Z","name":"nodejs-api-starter","msg":"UP AND RUNNING IN development @: afef8703ff2b on port: 3000}"}
{"level":20,"time":"2022-12-27T14:49:52.361Z","name":"nodejs-api-starter","msg":"ensure logs dir created"}
{"level":20,"time":"2022-12-27T14:49:52.362Z","name":"nodejs-api-starter","msg":"Start setup RabbitMQ"}
{"level":20,"time":"2022-12-27T14:50:55.720Z","name":"nodejs-api-starter","msg":"setup LOCAL POSTGRES connection"}
{"level":20,"time":"2022-12-27T14:50:55.860Z","name":"nodejs-api-starter","msg":"development"}
{"level":20,"time":"2022-12-27T14:50:55.862Z","name":"nodejs-api-starter","msg":"UP AND RUNNING IN development @: afef8703ff2b on port: 3000}"}
{"level":20,"time":"2022-12-27T14:50:55.863Z","name":"nodejs-api-starter","msg":"ensure logs dir created"}
{"level":20,"time":"2022-12-27T14:50:55.863Z","name":"nodejs-api-starter","msg":"Start setup RabbitMQ"}
{"level":20,"time":"2022-12-27T14:51:04.184Z","name":"nodejs-api-starter","msg":"setup LOCAL POSTGRES connection"}
{"level":20,"time":"2022-12-27T14:51:04.326Z","name":"nodejs-api-starter","msg":"development"}
{"level":20,"time":"2022-12-27T14:51:04.327Z","name":"nodejs-api-starter","msg":"UP AND RUNNING IN development @: afef8703ff2b on port: 3000}"}
{"level":20,"time":"2022-12-27T14:51:04.328Z","name":"nodejs-api-starter","msg":"ensure logs dir created"}
{"level":20,"time":"2022-12-27T14:51:04.328Z","name":"nodejs-api-starter","msg":"Start setup RabbitMQ"}
{"level":20,"time":"2022-12-27T14:51:08.426Z","name":"nodejs-api-starter","msg":"setup LOCAL POSTGRES connection"}
{"level":20,"time":"2022-12-27T14:51:08.567Z","name":"nodejs-api-starter","msg":"development"}
{"level":20,"time":"2022-12-27T14:51:08.568Z","name":"nodejs-api-starter","msg":"UP AND RUNNING IN development @: afef8703ff2b on port: 3000}"}
{"level":20,"time":"2022-12-27T14:51:08.569Z","name":"nodejs-api-starter","msg":"ensure logs dir created"}
{"level":20,"time":"2022-12-27T14:51:08.569Z","name":"nodejs-api-starter","msg":"Start setup RabbitMQ"}
{"level":20,"time":"2022-12-27T14:55:07.895Z","name":"nodejs-api-starter","msg":"setup LOCAL POSTGRES connection"}
{"level":20,"time":"2022-12-27T14:55:08.043Z","name":"nodejs-api-starter","msg":"development"}
{"level":20,"time":"2022-12-27T14:55:08.044Z","name":"nodejs-api-starter","msg":"UP AND RUNNING IN development @: 18a5017931e0 on port: 3000}"}
{"level":20,"time":"2022-12-27T14:55:47.210Z","name":"nodejs-api-starter","msg":"setup LOCAL POSTGRES connection"}
{"level":20,"time":"2022-12-27T14:55:47.371Z","name":"nodejs-api-starter","msg":"development"}
{"level":20,"time":"2022-12-27T14:55:47.372Z","name":"nodejs-api-starter","msg":"UP AND RUNNING IN development @: 69437aa41198 on port: 3000}"}
{"level":20,"time":"2022-12-27T14:59:05.856Z","name":"nodejs-api-starter","msg":"setup LOCAL POSTGRES connection"}
{"level":20,"time":"2022-12-27T14:59:06.000Z","name":"nodejs-api-starter","msg":"development"}
{"level":20,"time":"2022-12-27T14:59:06.001Z","name":"nodejs-api-starter","msg":"UP AND RUNNING IN development @: 69437aa41198 on port: 3000}"}
{"level":20,"time":"2022-12-27T15:01:01.745Z","name":"nodejs-api-starter","msg":"setup LOCAL POSTGRES connection"}
{"level":20,"time":"2022-12-27T15:01:01.899Z","name":"nodejs-api-starter","msg":"development"}
{"level":20,"time":"2022-12-27T15:01:01.900Z","name":"nodejs-api-starter","msg":"UP AND RUNNING IN development @: 43b42b1a9297 on port: 3000}"}
{"level":20,"time":"2022-12-27T15:03:06.557Z","name":"nodejs-api-starter","msg":"setup LOCAL POSTGRES connection"}
{"level":20,"time":"2022-12-27T15:03:06.707Z","name":"nodejs-api-starter","msg":"development"}
{"level":20,"time":"2022-12-27T15:03:06.708Z","name":"nodejs-api-starter","msg":"UP AND RUNNING IN development @: 43b42b1a9297 on port: 3000}"}
{"level":20,"time":"2022-12-27T15:03:13.195Z","name":"nodejs-api-starter","msg":"setup LOCAL POSTGRES connection"}
{"level":20,"time":"2022-12-27T15:03:13.348Z","name":"nodejs-api-starter","msg":"development"}
{"level":20,"time":"2022-12-27T15:03:13.350Z","name":"nodejs-api-starter","msg":"UP AND RUNNING IN development @: 43b42b1a9297 on port: 3000}"}
{"level":20,"time":"2022-12-27T15:03:19.212Z","name":"nodejs-api-starter","msg":"setup LOCAL POSTGRES connection"}
{"level":20,"time":"2022-12-27T15:03:19.358Z","name":"nodejs-api-starter","msg":"development"}
{"level":20,"time":"2022-12-27T15:03:19.359Z","name":"nodejs-api-starter","msg":"UP AND RUNNING IN development @: 43b42b1a9297 on port: 3000}"}
{"level":20,"time":"2022-12-27T15:03:23.325Z","name":"nodejs-api-starter","msg":"setup LOCAL POSTGRES connection"}
{"level":20,"time":"2022-12-27T15:03:23.477Z","name":"nodejs-api-starter","msg":"development"}
{"level":20,"time":"2022-12-27T15:03:23.478Z","name":"nodejs-api-starter","msg":"UP AND RUNNING IN development @: 43b42b1a9297 on port: 3000}"}
{"level":20,"time":"2022-12-27T15:03:26.321Z","name":"nodejs-api-starter","msg":"setup LOCAL POSTGRES connection"}
{"level":20,"time":"2022-12-27T15:03:26.466Z","name":"nodejs-api-starter","msg":"development"}
{"level":20,"time":"2022-12-27T15:03:26.468Z","name":"nodejs-api-starter","msg":"UP AND RUNNING IN development @: 43b42b1a9297 on port: 3000}"}
{"level":20,"time":"2022-12-27T15:03:32.041Z","name":"nodejs-api-starter","msg":"setup LOCAL POSTGRES connection"}
{"level":20,"time":"2022-12-27T15:03:32.188Z","name":"nodejs-api-starter","msg":"development"}
{"level":20,"time":"2022-12-27T15:03:32.189Z","name":"nodejs-api-starter","msg":"UP AND RUNNING IN development @: 43b42b1a9297 on port: 3000}"}
{"level":20,"time":"2022-12-27T15:03:44.047Z","name":"nodejs-api-starter","msg":"setup LOCAL POSTGRES connection"}
{"level":20,"time":"2022-12-27T15:03:44.188Z","name":"nodejs-api-starter","msg":"development"}
{"level":20,"time":"2022-12-27T15:03:44.190Z","name":"nodejs-api-starter","msg":"UP AND RUNNING IN development @: 43b42b1a9297 on port: 3000}"}
{"level":20,"time":"2022-12-27T15:03:48.760Z","name":"nodejs-api-starter","msg":"setup LOCAL POSTGRES connection"}
{"level":20,"time":"2022-12-27T15:03:48.905Z","name":"nodejs-api-starter","msg":"development"}
{"level":20,"time":"2022-12-27T15:03:48.906Z","name":"nodejs-api-starter","msg":"UP AND RUNNING IN development @: 43b42b1a9297 on port: 3000}"}
{"level":20,"time":"2022-12-27T15:04:01.728Z","name":"nodejs-api-starter","msg":"setup LOCAL POSTGRES connection"}
{"level":20,"time":"2022-12-27T15:04:01.881Z","name":"nodejs-api-starter","msg":"development"}
{"level":20,"time":"2022-12-27T15:04:01.882Z","name":"nodejs-api-starter","msg":"UP AND RUNNING IN development @: 43b42b1a9297 on port: 3000}"}
{"level":20,"time":"2022-12-27T15:04:11.972Z","name":"nodejs-api-starter","msg":"setup LOCAL POSTGRES connection"}
{"level":20,"time":"2022-12-27T15:04:12.128Z","name":"nodejs-api-starter","msg":"development"}
{"level":20,"time":"2022-12-27T15:04:12.130Z","name":"nodejs-api-starter","msg":"UP AND RUNNING IN development @: 43b42b1a9297 on port: 3000}"}
{"level":20,"time":"2022-12-27T15:04:20.214Z","name":"nodejs-api-starter","msg":"setup LOCAL POSTGRES connection"}
{"level":20,"time":"2022-12-27T15:04:20.362Z","name":"nodejs-api-starter","msg":"development"}
{"level":20,"time":"2022-12-27T15:04:20.363Z","name":"nodejs-api-starter","msg":"UP AND RUNNING IN development @: 43b42b1a9297 on port: 3000}"}
{"level":20,"time":"2022-12-27T15:04:24.179Z","name":"nodejs-api-starter","msg":"setup LOCAL POSTGRES connection"}
{"level":20,"time":"2022-12-27T15:04:24.332Z","name":"nodejs-api-starter","msg":"development"}
{"level":20,"time":"2022-12-27T15:04:24.333Z","name":"nodejs-api-starter","msg":"UP AND RUNNING IN development @: 43b42b1a9297 on port: 3000}"}
{"level":20,"time":"2022-12-27T15:04:32.334Z","name":"nodejs-api-starter","msg":"setup LOCAL POSTGRES connection"}
{"level":20,"time":"2022-12-27T15:04:32.484Z","name":"nodejs-api-starter","msg":"development"}
{"level":20,"time":"2022-12-27T15:04:32.486Z","name":"nodejs-api-starter","msg":"UP AND RUNNING IN development @: 43b42b1a9297 on port: 3000}"}
{"level":20,"time":"2022-12-27T15:04:39.061Z","name":"nodejs-api-starter","msg":"setup LOCAL POSTGRES connection"}
{"level":20,"time":"2022-12-27T15:04:39.210Z","name":"nodejs-api-starter","msg":"development"}
{"level":20,"time":"2022-12-27T15:04:39.212Z","name":"nodejs-api-starter","msg":"UP AND RUNNING IN development @: 43b42b1a9297 on port: 3000}"}
{"level":20,"time":"2022-12-27T15:04:45.629Z","name":"nodejs-api-starter","msg":"setup LOCAL POSTGRES connection"}
{"level":20,"time":"2022-12-27T15:04:45.776Z","name":"nodejs-api-starter","msg":"development"}
{"level":20,"time":"2022-12-27T15:04:45.778Z","name":"nodejs-api-starter","msg":"UP AND RUNNING IN development @: 43b42b1a9297 on port: 3000}"}
{"level":20,"time":"2022-12-27T15:05:01.325Z","name":"nodejs-api-starter","msg":"setup LOCAL POSTGRES connection"}
{"level":20,"time":"2022-12-27T15:05:01.479Z","name":"nodejs-api-starter","msg":"development"}
{"level":20,"time":"2022-12-27T15:05:01.480Z","name":"nodejs-api-starter","msg":"UP AND RUNNING IN development @: 43b42b1a9297 on port: 3000}"}
{"level":20,"time":"2022-12-27T15:05:07.040Z","name":"nodejs-api-starter","msg":"setup LOCAL POSTGRES connection"}
{"level":20,"time":"2022-12-27T15:05:07.192Z","name":"nodejs-api-starter","msg":"development"}
{"level":20,"time":"2022-12-27T15:05:07.194Z","name":"nodejs-api-starter","msg":"UP AND RUNNING IN development @: 43b42b1a9297 on port: 3000}"}
{"level":20,"time":"2022-12-27T15:05:10.959Z","name":"nodejs-api-starter","msg":"setup LOCAL POSTGRES connection"}
{"level":20,"time":"2022-12-27T15:05:11.110Z","name":"nodejs-api-starter","msg":"development"}
{"level":20,"time":"2022-12-27T15:05:11.111Z","name":"nodejs-api-starter","msg":"UP AND RUNNING IN development @: 43b42b1a9297 on port: 3000}"}
{"level":20,"time":"2022-12-27T15:05:16.498Z","name":"nodejs-api-starter","msg":"setup LOCAL POSTGRES connection"}
{"level":20,"time":"2022-12-27T15:05:16.645Z","name":"nodejs-api-starter","msg":"development"}
{"level":20,"time":"2022-12-27T15:05:16.646Z","name":"nodejs-api-starter","msg":"UP AND RUNNING IN development @: 43b42b1a9297 on port: 3000}"}
{"level":20,"time":"2022-12-27T15:05:38.707Z","name":"nodejs-api-starter","msg":"setup LOCAL POSTGRES connection"}
{"level":20,"time":"2022-12-27T15:05:38.852Z","name":"nodejs-api-starter","msg":"development"}
{"level":20,"time":"2022-12-27T15:05:38.854Z","name":"nodejs-api-starter","msg":"UP AND RUNNING IN development @: 43b42b1a9297 on port: 3000}"}
{"level":20,"time":"2022-12-27T15:13:33.210Z","name":"nodejs-api-starter","msg":"setup LOCAL POSTGRES connection"}
{"level":20,"time":"2022-12-27T15:13:33.361Z","name":"nodejs-api-starter","msg":"development"}
{"level":20,"time":"2022-12-27T15:13:33.363Z","name":"nodejs-api-starter","msg":"UP AND RUNNING IN development @: 43b42b1a9297 on port: 3000}"}
{"level":20,"time":"2022-12-27T16:52:09.380Z","name":"nodejs-api-starter","msg":"setup LOCAL POSTGRES connection"}
{"level":20,"time":"2022-12-27T16:52:09.586Z","name":"nodejs-api-starter","msg":"development"}
{"level":20,"time":"2022-12-27T16:52:09.588Z","name":"nodejs-api-starter","msg":"UP AND RUNNING IN development @: f8729bc2a968 on port: 3000}"}
{"level":20,"time":"2022-12-28T09:36:03.602Z","name":"nodejs-api-starter","msg":"setup LOCAL POSTGRES connection"}
{"level":20,"time":"2022-12-28T09:36:03.766Z","name":"nodejs-api-starter","msg":"development"}
{"level":20,"time":"2022-12-28T09:36:03.767Z","name":"nodejs-api-starter","msg":"UP AND RUNNING IN development @: a1eb026458c3 on port: 3000}"}
{"level":20,"time":"2022-12-28T09:36:39.469Z","name":"nodejs-api-starter","msg":"setup LOCAL POSTGRES connection"}
{"level":20,"time":"2022-12-28T09:36:39.618Z","name":"nodejs-api-starter","msg":"development"}
{"level":20,"time":"2022-12-28T09:36:39.619Z","name":"nodejs-api-starter","msg":"UP AND RUNNING IN development @: a1eb026458c3 on port: 3000}"}
{"level":20,"time":"2022-12-28T09:42:25.935Z","name":"nodejs-api-starter","msg":"setup LOCAL POSTGRES connection"}
{"level":20,"time":"2022-12-28T09:42:26.084Z","name":"nodejs-api-starter","msg":"development"}
{"level":20,"time":"2022-12-28T09:42:26.086Z","name":"nodejs-api-starter","msg":"UP AND RUNNING IN development @: a1eb026458c3 on port: 3000}"}
{"level":20,"time":"2022-12-28T09:42:30.442Z","name":"nodejs-api-starter","method":"POST","url":"/api/v1/auth/login","params":{},"query":{},"body":{"email":"john@doe.com","password":"JhonDoe2022!"},"headers":{},"msg":"Request -> 900eb49d-3db3-476c-974e-54788e872387"}
{"level":20,"time":"2022-12-28T09:42:30.450Z","name":"nodejs-api-starter","statusCode":500,"msg":"Response -> 900eb49d-3db3-476c-974e-54788e872387"}
{"level":20,"time":"2022-12-28T09:43:17.427Z","name":"nodejs-api-starter","method":"POST","url":"/api/v1/auth/register","params":{},"query":{},"body":{"email":"john@doe.com","password":"JhonDoe2022!"},"headers":{},"msg":"Request -> 4f49cbd1-a666-43f3-a48a-21a5e67dc102"}
{"level":20,"time":"2022-12-28T09:43:17.634Z","name":"nodejs-api-starter","statusCode":200,"msg":"Response -> 4f49cbd1-a666-43f3-a48a-21a5e67dc102"}
{"level":20,"time":"2022-12-28T09:43:26.937Z","name":"nodejs-api-starter","msg":"setup LOCAL POSTGRES connection"}
{"level":20,"time":"2022-12-28T09:43:27.089Z","name":"nodejs-api-starter","msg":"development"}
{"level":20,"time":"2022-12-28T09:43:27.091Z","name":"nodejs-api-starter","msg":"UP AND RUNNING IN development @: a1eb026458c3 on port: 3000}"}
{"level":20,"time":"2022-12-28T09:43:50.088Z","name":"nodejs-api-starter","msg":"setup LOCAL POSTGRES connection"}
{"level":20,"time":"2022-12-28T09:43:50.238Z","name":"nodejs-api-starter","msg":"development"}
{"level":20,"time":"2022-12-28T09:43:50.243Z","name":"nodejs-api-starter","msg":"UP AND RUNNING IN development @: a1eb026458c3 on port: 3000}"}
{"level":20,"time":"2022-12-28T10:15:19.056Z","name":"nodejs-api-starter","msg":"setup LOCAL POSTGRES connection"}
{"level":20,"time":"2022-12-28T10:15:19.209Z","name":"nodejs-api-starter","msg":"development"}
{"level":20,"time":"2022-12-28T10:15:19.210Z","name":"nodejs-api-starter","msg":"UP AND RUNNING IN development @: a1eb026458c3 on port: 3000}"}
{"level":20,"time":"2022-12-28T10:15:24.747Z","name":"nodejs-api-starter","method":"POST","url":"/api/v1/auth/register","params":{},"query":{},"body":{"email":"john@doe.com","password":"JhonDoe2022!"},"headers":{},"msg":"Request -> 1e95cd8e-80e7-4769-9a88-d5725c63db28"}
{"level":50,"time":"2022-12-28T10:15:24.852Z","name":"nodejs-api-starter","err":{"type":"Error","message":"email already exists in our records (email)","stack":"Error: email already exists in our records (email)\n    at file:///app/api/v1/auth/auth.validator.js:24:27\n    at process.processTicksAndRejections (node:internal/process/task_queues:95:5)\n    at async exports.entryAsync (/app/node_modules/joi/lib/validator.js:82:32)\n    at async AuthValidator.onRegister (file:///app/api/v1/auth/auth.validator.js:29:23)\n    at async register (file:///app/api/v1/auth/auth.controller.js:29:20)"},"msg":"Exception --> 1e95cd8e-80e7-4769-9a88-d5725c63db28"}
{"level":20,"time":"2022-12-28T10:15:24.855Z","name":"nodejs-api-starter","statusCode":500,"msg":"Response -> 1e95cd8e-80e7-4769-9a88-d5725c63db28"}
{"level":20,"time":"2022-12-28T10:15:50.329Z","name":"nodejs-api-starter","method":"POST","url":"/api/v1/auth/login","params":{},"query":{},"body":{"email":"john@doe.com","password":"JhonDoe2022!"},"headers":{},"msg":"Request -> fa6351ae-f42d-4f5d-b2b8-e52733bd8420"}
{"level":20,"time":"2022-12-28T10:15:50.347Z","name":"nodejs-api-starter","statusCode":500,"msg":"Response -> fa6351ae-f42d-4f5d-b2b8-e52733bd8420"}
{"level":20,"time":"2022-12-28T10:16:45.663Z","name":"nodejs-api-starter","msg":"setup LOCAL POSTGRES connection"}
{"level":20,"time":"2022-12-28T10:16:45.816Z","name":"nodejs-api-starter","msg":"development"}
{"level":20,"time":"2022-12-28T10:16:45.818Z","name":"nodejs-api-starter","msg":"UP AND RUNNING IN development @: a1eb026458c3 on port: 3000}"}
{"level":20,"time":"2022-12-28T10:17:20.997Z","name":"nodejs-api-starter","msg":"setup LOCAL POSTGRES connection"}
{"level":20,"time":"2022-12-28T10:17:21.142Z","name":"nodejs-api-starter","msg":"development"}
{"level":20,"time":"2022-12-28T10:17:21.144Z","name":"nodejs-api-starter","msg":"UP AND RUNNING IN development @: a1eb026458c3 on port: 3000}"}
{"level":20,"time":"2022-12-28T10:23:23.316Z","name":"nodejs-api-starter","method":"POST","url":"/api/v1/auth/login","params":{},"query":{},"body":{"email":"john@doe.com","password":"JhonDoe2022!"},"headers":{},"msg":"Request -> 0ce371b4-91cf-4008-90bd-545ddbaba58d"}
{"level":20,"time":"2022-12-28T10:23:23.325Z","name":"nodejs-api-starter","statusCode":500,"msg":"Response -> 0ce371b4-91cf-4008-90bd-545ddbaba58d"}
{"level":20,"time":"2022-12-28T10:24:09.779Z","name":"nodejs-api-starter","msg":"setup LOCAL POSTGRES connection"}
{"level":20,"time":"2022-12-28T10:24:09.931Z","name":"nodejs-api-starter","msg":"development"}
{"level":20,"time":"2022-12-28T10:24:09.933Z","name":"nodejs-api-starter","msg":"UP AND RUNNING IN development @: a1eb026458c3 on port: 3000}"}
{"level":20,"time":"2022-12-28T10:24:57.897Z","name":"nodejs-api-starter","method":"POST","url":"/api/v1/auth/login","params":{},"query":{},"body":{"email":"john@doe.com","password":"JhonDoe2022!"},"headers":{},"msg":"Request -> dd3cc575-1168-413f-b289-d770866e9445"}
{"level":20,"time":"2022-12-28T10:24:57.903Z","name":"nodejs-api-starter","statusCode":500,"msg":"Response -> dd3cc575-1168-413f-b289-d770866e9445"}
{"level":20,"time":"2022-12-28T10:25:57.473Z","name":"nodejs-api-starter","msg":"setup LOCAL POSTGRES connection"}
{"level":20,"time":"2022-12-28T10:25:57.620Z","name":"nodejs-api-starter","msg":"development"}
{"level":20,"time":"2022-12-28T10:25:57.622Z","name":"nodejs-api-starter","msg":"UP AND RUNNING IN development @: a1eb026458c3 on port: 3000}"}
{"level":20,"time":"2022-12-28T10:32:46.989Z","name":"nodejs-api-starter","msg":"setup LOCAL POSTGRES connection"}
{"level":20,"time":"2022-12-28T10:32:47.142Z","name":"nodejs-api-starter","msg":"development"}
{"level":20,"time":"2022-12-28T10:32:47.143Z","name":"nodejs-api-starter","msg":"UP AND RUNNING IN development @: a1eb026458c3 on port: 3000}"}
{"level":20,"time":"2022-12-28T10:32:53.189Z","name":"nodejs-api-starter","method":"POST","url":"/api/v1/auth/login","params":{},"query":{},"body":{"email":"john@doe.com","password":"JhonDoe2022!"},"headers":{},"msg":"Request -> 76ab9d57-5baf-46d7-ae9e-587fe7067750"}
{"level":20,"time":"2022-12-28T10:34:04.620Z","name":"nodejs-api-starter","msg":"setup LOCAL POSTGRES connection"}
{"level":20,"time":"2022-12-28T10:34:04.767Z","name":"nodejs-api-starter","msg":"development"}
{"level":20,"time":"2022-12-28T10:34:04.769Z","name":"nodejs-api-starter","msg":"UP AND RUNNING IN development @: a1eb026458c3 on port: 3000}"}
{"level":20,"time":"2022-12-28T10:34:30.535Z","name":"nodejs-api-starter","msg":"setup LOCAL POSTGRES connection"}
{"level":20,"time":"2022-12-28T10:34:30.685Z","name":"nodejs-api-starter","msg":"development"}
{"level":20,"time":"2022-12-28T10:34:30.691Z","name":"nodejs-api-starter","msg":"UP AND RUNNING IN development @: a1eb026458c3 on port: 3000}"}
{"level":20,"time":"2022-12-28T10:34:35.084Z","name":"nodejs-api-starter","method":"POST","url":"/api/v1/auth/login","params":{},"query":{},"body":{"email":"john@doe.com","password":"JhonDoe2022!"},"headers":{},"msg":"Request -> 5b6cc87f-5d0d-4840-aa3c-a11451490757"}
{"level":20,"time":"2022-12-28T10:34:35.269Z","name":"nodejs-api-starter","statusCode":200,"msg":"Response -> 5b6cc87f-5d0d-4840-aa3c-a11451490757"}
{"level":20,"time":"2022-12-28T10:35:14.608Z","name":"nodejs-api-starter","msg":"setup LOCAL POSTGRES connection"}
{"level":20,"time":"2022-12-28T10:35:14.763Z","name":"nodejs-api-starter","msg":"development"}
{"level":20,"time":"2022-12-28T10:35:14.765Z","name":"nodejs-api-starter","msg":"UP AND RUNNING IN development @: a1eb026458c3 on port: 3000}"}
{"level":20,"time":"2022-12-28T10:35:23.454Z","name":"nodejs-api-starter","msg":"setup LOCAL POSTGRES connection"}
{"level":20,"time":"2022-12-28T10:35:23.608Z","name":"nodejs-api-starter","msg":"development"}
{"level":20,"time":"2022-12-28T10:35:23.614Z","name":"nodejs-api-starter","msg":"UP AND RUNNING IN development @: a1eb026458c3 on port: 3000}"}
{"level":20,"time":"2022-12-28T10:47:17.895Z","name":"nodejs-api-starter","msg":"setup LOCAL POSTGRES connection"}
{"level":20,"time":"2022-12-28T10:47:18.056Z","name":"nodejs-api-starter","msg":"development"}
{"level":20,"time":"2022-12-28T10:47:18.057Z","name":"nodejs-api-starter","msg":"UP AND RUNNING IN development @: a1eb026458c3 on port: 3000}"}
{"level":20,"time":"2022-12-28T10:47:39.357Z","name":"nodejs-api-starter","method":"GET","url":"/api/v1/auth/me","params":{},"query":{},"body":{},"headers":{},"msg":"Request -> b6d6c359-602e-4699-9de2-c1e93eca4f67"}
{"level":20,"time":"2022-12-28T10:47:39.371Z","name":"nodejs-api-starter","statusCode":401,"msg":"Response -> b6d6c359-602e-4699-9de2-c1e93eca4f67"}
{"level":20,"time":"2022-12-28T10:48:20.246Z","name":"nodejs-api-starter","method":"GET","url":"/api/v1/auth/me","params":{},"query":{},"body":{},"headers":{"authorization":"Bearer eyJhbGciOiJIUzI1NiIsInR5cCI6IkpXVCJ9.eyJ1c2VyRXh0ZXJuYWxDb2RlIjoiYjgwZTJlNTEtMDJmZC00OTI5LTk3NzctMjNmYTkyYTUyNTU4IiwiZW1haWwiOiJqb2huQGRvZS5jb20iLCJpYXQiOjE2NzIyMjM2NzV9.Yo2orNQt3vqHv8oTLF9LepWr7GFTKXLHchGTH6eragY"},"msg":"Request -> 6eb9f5ba-0916-4d56-9de4-fc9b802fb18b"}
{"level":20,"time":"2022-12-28T10:48:20.262Z","name":"nodejs-api-starter","statusCode":200,"msg":"Response -> 6eb9f5ba-0916-4d56-9de4-fc9b802fb18b"}
{"level":20,"time":"2022-12-28T10:49:11.266Z","name":"nodejs-api-starter","msg":"setup LOCAL POSTGRES connection"}
{"level":20,"time":"2022-12-28T10:49:11.417Z","name":"nodejs-api-starter","msg":"development"}
{"level":20,"time":"2022-12-28T10:49:11.419Z","name":"nodejs-api-starter","msg":"UP AND RUNNING IN development @: a1eb026458c3 on port: 3000}"}
{"level":20,"time":"2022-12-28T10:49:31.884Z","name":"nodejs-api-starter","method":"DELETE","url":"/api/v1/user/delete-me","params":{},"query":{},"body":{},"headers":{"authorization":"Bearer eyJhbGciOiJIUzI1NiIsInR5cCI6IkpXVCJ9.eyJ1c2VyRXh0ZXJuYWxDb2RlIjoiYjgwZTJlNTEtMDJmZC00OTI5LTk3NzctMjNmYTkyYTUyNTU4IiwiZW1haWwiOiJqb2huQGRvZS5jb20iLCJpYXQiOjE2NzIyMjM2NzV9.Yo2orNQt3vqHv8oTLF9LepWr7GFTKXLHchGTH6eragY"},"msg":"Request -> ecb18d76-dd4d-4055-aa79-a2bcc6041859"}
{"level":20,"time":"2022-12-28T10:49:31.893Z","name":"nodejs-api-starter","statusCode":404,"msg":"Response -> ecb18d76-dd4d-4055-aa79-a2bcc6041859"}
{"level":20,"time":"2022-12-28T10:49:48.454Z","name":"nodejs-api-starter","method":"DELETE","url":"/api/v1/auth/user/delete-me","params":{},"query":{},"body":{},"headers":{"authorization":"Bearer eyJhbGciOiJIUzI1NiIsInR5cCI6IkpXVCJ9.eyJ1c2VyRXh0ZXJuYWxDb2RlIjoiYjgwZTJlNTEtMDJmZC00OTI5LTk3NzctMjNmYTkyYTUyNTU4IiwiZW1haWwiOiJqb2huQGRvZS5jb20iLCJpYXQiOjE2NzIyMjM2NzV9.Yo2orNQt3vqHv8oTLF9LepWr7GFTKXLHchGTH6eragY"},"msg":"Request -> fc3d21d4-8cad-447d-92e1-31d57922a646"}
{"level":20,"time":"2022-12-28T10:49:48.578Z","name":"nodejs-api-starter","statusCode":200,"msg":"Response -> fc3d21d4-8cad-447d-92e1-31d57922a646"}
{"level":20,"time":"2022-12-28T10:49:54.632Z","name":"nodejs-api-starter","msg":"setup LOCAL POSTGRES connection"}
{"level":20,"time":"2022-12-28T10:49:54.777Z","name":"nodejs-api-starter","msg":"development"}
{"level":20,"time":"2022-12-28T10:49:54.779Z","name":"nodejs-api-starter","msg":"UP AND RUNNING IN development @: a1eb026458c3 on port: 3000}"}
{"level":20,"time":"2022-12-28T17:05:25.275Z","name":"nodejs-api-starter","msg":"setup LOCAL POSTGRES connection"}
{"level":20,"time":"2022-12-28T17:05:25.466Z","name":"nodejs-api-starter","msg":"development"}
{"level":20,"time":"2022-12-28T17:05:25.468Z","name":"nodejs-api-starter","msg":"UP AND RUNNING IN development @: a1eb026458c3 on port: 3000}"}
{"level":20,"time":"2022-12-28T17:05:43.960Z","name":"nodejs-api-starter","msg":"setup LOCAL POSTGRES connection"}
{"level":20,"time":"2022-12-28T17:05:44.156Z","name":"nodejs-api-starter","msg":"development"}
{"level":20,"time":"2022-12-28T17:05:44.158Z","name":"nodejs-api-starter","msg":"UP AND RUNNING IN development @: a1eb026458c3 on port: 3000}"}
{"level":20,"time":"2022-12-28T17:05:53.183Z","name":"nodejs-api-starter","msg":"setup LOCAL POSTGRES connection"}
{"level":20,"time":"2022-12-28T17:05:53.379Z","name":"nodejs-api-starter","msg":"development"}
{"level":20,"time":"2022-12-28T17:05:53.381Z","name":"nodejs-api-starter","msg":"UP AND RUNNING IN development @: a1eb026458c3 on port: 3000}"}
{"level":20,"time":"2022-12-28T17:06:24.688Z","name":"nodejs-api-starter","msg":"setup LOCAL POSTGRES connection"}
{"level":20,"time":"2022-12-28T17:06:24.879Z","name":"nodejs-api-starter","msg":"development"}
{"level":20,"time":"2022-12-28T17:06:24.881Z","name":"nodejs-api-starter","msg":"UP AND RUNNING IN development @: a1eb026458c3 on port: 3000}"}
{"level":20,"time":"2022-12-28T17:06:53.416Z","name":"nodejs-api-starter","msg":"setup LOCAL POSTGRES connection"}
{"level":20,"time":"2022-12-28T17:06:53.612Z","name":"nodejs-api-starter","msg":"development"}
{"level":20,"time":"2022-12-28T17:06:53.615Z","name":"nodejs-api-starter","msg":"UP AND RUNNING IN development @: a1eb026458c3 on port: 3000}"}
{"level":20,"time":"2022-12-28T17:08:08.527Z","name":"nodejs-api-starter","msg":"setup LOCAL POSTGRES connection"}
{"level":20,"time":"2022-12-28T17:08:08.731Z","name":"nodejs-api-starter","msg":"development"}
{"level":20,"time":"2022-12-28T17:08:08.733Z","name":"nodejs-api-starter","msg":"UP AND RUNNING IN development @: a1eb026458c3 on port: 3000}"}
{"level":20,"time":"2022-12-28T17:09:25.561Z","name":"nodejs-api-starter","msg":"setup LOCAL POSTGRES connection"}
{"level":20,"time":"2022-12-28T17:09:25.755Z","name":"nodejs-api-starter","msg":"development"}
{"level":20,"time":"2022-12-28T17:09:25.757Z","name":"nodejs-api-starter","msg":"UP AND RUNNING IN development @: a1eb026458c3 on port: 3000}"}
{"level":20,"time":"2023-01-07T17:57:02.377Z","name":"nodejs-api-starter","msg":"setup LOCAL POSTGRES connection"}
{"level":20,"time":"2023-01-07T17:57:02.575Z","name":"nodejs-api-starter","msg":"development"}
{"level":20,"time":"2023-01-07T17:57:02.577Z","name":"nodejs-api-starter","msg":"UP AND RUNNING IN development @: 9a4662e2d638 on port: 3000}"}
